
[12-Feb-2015 23:35:07 Europe/Berlin] PHP Warning:  include(/home/student/m2059127/public_html/dbs_hjw/controller/adminController.class.php): failed to open stream: No such file or directory in /home/student/m2059127/public_html/dbs_hjw/application/Router.class.php on line 65
[12-Feb-2015 23:35:07 Europe/Berlin] PHP Warning:  include(): Failed opening '/home/student/m2059127/public_html/dbs_hjw/controller/adminController.class.php' for inclusion (include_path='.:/usr/share/php:/usr/share/pear') in /home/student/m2059127/public_html/dbs_hjw/application/Router.class.php on line 65
[12-Feb-2015 23:44:12 Europe/Berlin] PHP Warning:  include(/home/student/m2059127/public_html/dbs_hjw/controller/adminController.class.php): failed to open stream: No such file or directory in /home/student/m2059127/public_html/dbs_hjw/application/Router.class.php on line 65
[12-Feb-2015 23:44:12 Europe/Berlin] PHP Warning:  include(): Failed opening '/home/student/m2059127/public_html/dbs_hjw/controller/adminController.class.php' for inclusion (include_path='.:/usr/share/php:/usr/share/pear') in /home/student/m2059127/public_html/dbs_hjw/application/Router.class.php on line 65
[12-Feb-2015 23:44:21 Europe/Berlin] PHP Warning:  include(/home/student/m2059127/public_html/dbs_hjw/controller/adminController.class.php): failed to open stream: No such file or directory in /home/student/m2059127/public_html/dbs_hjw/application/Router.class.php on line 65
[12-Feb-2015 23:44:21 Europe/Berlin] PHP Warning:  include(): Failed opening '/home/student/m2059127/public_html/dbs_hjw/controller/adminController.class.php' for inclusion (include_path='.:/usr/share/php:/usr/share/pear') in /home/student/m2059127/public_html/dbs_hjw/application/Router.class.php on line 65
[12-Feb-2015 23:44:24 Europe/Berlin] PHP Warning:  include(/home/student/m2059127/public_html/dbs_hjw/controller/adminController.class.php): failed to open stream: No such file or directory in /home/student/m2059127/public_html/dbs_hjw/application/Router.class.php on line 65
[12-Feb-2015 23:44:24 Europe/Berlin] PHP Warning:  include(): Failed opening '/home/student/m2059127/public_html/dbs_hjw/controller/adminController.class.php' for inclusion (include_path='.:/usr/share/php:/usr/share/pear') in /home/student/m2059127/public_html/dbs_hjw/application/Router.class.php on line 65
[12-Feb-2015 23:45:24 Europe/Berlin] PHP Warning:  include(/home/student/m2059127/public_html/dbs_hjw/controller/adminController.class.php): failed to open stream: No such file or directory in /home/student/m2059127/public_html/dbs_hjw/application/Router.class.php on line 65
[12-Feb-2015 23:45:24 Europe/Berlin] PHP Warning:  include(): Failed opening '/home/student/m2059127/public_html/dbs_hjw/controller/adminController.class.php' for inclusion (include_path='.:/usr/share/php:/usr/share/pear') in /home/student/m2059127/public_html/dbs_hjw/application/Router.class.php on line 65
[12-Feb-2015 23:56:40 Europe/Berlin] PHP Warning:  include(/home/student/m2059127/public_html/dbs_hjw/controller/adminController.class.php): failed to open stream: No such file or directory in /home/student/m2059127/public_html/dbs_hjw/application/Router.class.php on line 65
[12-Feb-2015 23:56:40 Europe/Berlin] PHP Warning:  include(): Failed opening '/home/student/m2059127/public_html/dbs_hjw/controller/adminController.class.php' for inclusion (include_path='.:/usr/share/php:/usr/share/pear') in /home/student/m2059127/public_html/dbs_hjw/application/Router.class.php on line 65
[12-Feb-2015 23:56:42 Europe/Berlin] PHP Warning:  include(/home/student/m2059127/public_html/dbs_hjw/controller/adminController.class.php): failed to open stream: No such file or directory in /home/student/m2059127/public_html/dbs_hjw/application/Router.class.php on line 65
[12-Feb-2015 23:56:42 Europe/Berlin] PHP Warning:  include(): Failed opening '/home/student/m2059127/public_html/dbs_hjw/controller/adminController.class.php' for inclusion (include_path='.:/usr/share/php:/usr/share/pear') in /home/student/m2059127/public_html/dbs_hjw/application/Router.class.php on line 65
[13-Feb-2015 00:16:59 Europe/Berlin] PHP Warning:  Illegal string offset 'id' in /home/student/m2059127/public_html/dbs_hjw/controller/productController.class.php on line 316
[13-Feb-2015 00:16:59 Europe/Berlin] PHP Warning:  Illegal string offset 'name' in /home/student/m2059127/public_html/dbs_hjw/controller/productController.class.php on line 317
[13-Feb-2015 00:16:59 Europe/Berlin] PHP Fatal error:  Call to undefined method Registry::show() in /home/student/m2059127/public_html/dbs_hjw/controller/productController.class.php on line 320
[13-Feb-2015 00:17:21 Europe/Berlin] PHP Warning:  Illegal string offset 'id' in /home/student/m2059127/public_html/dbs_hjw/controller/productController.class.php on line 316
[13-Feb-2015 00:17:21 Europe/Berlin] PHP Warning:  Illegal string offset 'name' in /home/student/m2059127/public_html/dbs_hjw/controller/productController.class.php on line 317
[13-Feb-2015 00:18:25 Europe/Berlin] PHP Warning:  include(/home/student/m2059127/public_html/dbs_hjw/controller/imageController.class.php): failed to open stream: No such file or directory in /home/student/m2059127/public_html/dbs_hjw/application/Router.class.php on line 65
[13-Feb-2015 00:18:25 Europe/Berlin] PHP Warning:  include(): Failed opening '/home/student/m2059127/public_html/dbs_hjw/controller/imageController.class.php' for inclusion (include_path='.:/usr/share/php:/usr/share/pear') in /home/student/m2059127/public_html/dbs_hjw/application/Router.class.php on line 65
[13-Feb-2015 00:18:25 Europe/Berlin] Error __autoload() imageController/home/student/m2059127/public_html/dbs_hjw/controller/imageController.class.php
[13-Feb-2015 00:18:25 Europe/Berlin] PHP Fatal error:  Class 'imageController' not found in /home/student/m2059127/public_html/dbs_hjw/application/Router.class.php on line 69
[13-Feb-2015 00:36:45 Europe/Berlin] Error uploading image
[13-Feb-2015 00:44:46 Europe/Berlin] PHP Notice:  Undefined index: product in /home/student/m2059127/public_html/dbs_hjw/controller/imageController.class.php on line 32
[13-Feb-2015 00:44:57 Europe/Berlin] PHP Notice:  Undefined index: product in /home/student/m2059127/public_html/dbs_hjw/controller/imageController.class.php on line 32
[13-Feb-2015 00:45:28 Europe/Berlin] PHP Notice:  Undefined index: product in /home/student/m2059127/public_html/dbs_hjw/controller/imageController.class.php on line 32
[13-Feb-2015 00:46:23 Europe/Berlin] PHP Notice:  Undefined index: product in /home/student/m2059127/public_html/dbs_hjw/controller/imageController.class.php on line 32
[13-Feb-2015 00:47:28 Europe/Berlin] PHP Notice:  Undefined index: product in /home/student/m2059127/public_html/dbs_hjw/controller/imageController.class.php on line 32
[13-Feb-2015 00:47:38 Europe/Berlin] PHP Notice:  Undefined index: product in /home/student/m2059127/public_html/dbs_hjw/controller/imageController.class.php on line 32
[13-Feb-2015 00:53:05 Europe/Berlin] PHP Notice:  Undefined index: product in /home/student/m2059127/public_html/dbs_hjw/controller/imageController.class.php on line 28
[13-Feb-2015 00:54:39 Europe/Berlin] PHP Warning:  include(/home/student/m2059127/public_html/dbs_hjw/controller/adminController.class.php): failed to open stream: No such file or directory in /home/student/m2059127/public_html/dbs_hjw/application/Router.class.php on line 65
[13-Feb-2015 00:54:39 Europe/Berlin] PHP Warning:  include(): Failed opening '/home/student/m2059127/public_html/dbs_hjw/controller/adminController.class.php' for inclusion (include_path='.:/usr/share/php:/usr/share/pear') in /home/student/m2059127/public_html/dbs_hjw/application/Router.class.php on line 65
[13-Feb-2015 00:54:42 Europe/Berlin] PHP Warning:  include(/home/student/m2059127/public_html/dbs_hjw/controller/adminController.class.php): failed to open stream: No such file or directory in /home/student/m2059127/public_html/dbs_hjw/application/Router.class.php on line 65
[13-Feb-2015 00:54:42 Europe/Berlin] PHP Warning:  include(): Failed opening '/home/student/m2059127/public_html/dbs_hjw/controller/adminController.class.php' for inclusion (include_path='.:/usr/share/php:/usr/share/pear') in /home/student/m2059127/public_html/dbs_hjw/application/Router.class.php on line 65
